TN:
SF:/home/bletchley/WorkSpace/2014_SoftwareTesting/NextDate/tests.cpp
FN:4,_Z12testNextDateiiiiii
FN:17,_Z11testInvalidiii
FN:25,_ZN22BoundaryTest_Year_TestD2Ev
FN:25,_ZN22BoundaryTest_Year_TestC2Ev
FN:25,_ZN22BoundaryTest_Year_Test8TestBodyEv
FN:25,_Z41__static_initialization_and_destruction_0ii
FN:25,_ZN22BoundaryTest_Year_TestD0Ev
FN:38,_ZN23BoundaryTest_Month_TestC2Ev
FN:38,_ZN23BoundaryTest_Month_TestD2Ev
FN:38,_ZN23BoundaryTest_Month_Test8TestBodyEv
FN:38,_ZN23BoundaryTest_Month_TestD0Ev
FN:49,_ZN21BoundaryTest_Day_TestD2Ev
FN:49,_ZN21BoundaryTest_Day_TestC2Ev
FN:49,_ZN21BoundaryTest_Day_TestD0Ev
FN:49,_ZN21BoundaryTest_Day_Test8TestBodyEv
FN:64,_ZN45EquivalentClassTest_SmallMonthNormalYear_TestD0Ev
FN:64,_ZN45EquivalentClassTest_SmallMonthNormalYear_TestC2Ev
FN:64,_ZN45EquivalentClassTest_SmallMonthNormalYear_Test8TestBodyEv
FN:64,_ZN45EquivalentClassTest_SmallMonthNormalYear_TestD2Ev
FN:80,_ZN34EdgeTest_SmallMonthNormalYear_Test8TestBodyEv
FN:80,_ZN34EdgeTest_SmallMonthNormalYear_TestD2Ev
FN:80,_ZN34EdgeTest_SmallMonthNormalYear_TestC2Ev
FN:80,_ZN34EdgeTest_SmallMonthNormalYear_TestD0Ev
FN:96,_ZN43EquivalentClassTest_BigMonthNormalYear_TestC2Ev
FN:96,_ZN43EquivalentClassTest_BigMonthNormalYear_TestD2Ev
FN:96,_ZN43EquivalentClassTest_BigMonthNormalYear_Test8TestBodyEv
FN:96,_ZN43EquivalentClassTest_BigMonthNormalYear_TestD0Ev
FN:116,_ZN32EdgeTest_BigMonthNormalYear_Test8TestBodyEv
FN:116,_ZN32EdgeTest_BigMonthNormalYear_TestD2Ev
FN:116,_ZN32EdgeTest_BigMonthNormalYear_TestD0Ev
FN:116,_ZN32EdgeTest_BigMonthNormalYear_TestC2Ev
FN:130,_ZN43EquivalentClassTest_FebruaryNormalYear_TestD0Ev
FN:130,_ZN43EquivalentClassTest_FebruaryNormalYear_TestC2Ev
FN:130,_ZN43EquivalentClassTest_FebruaryNormalYear_Test8TestBodyEv
FN:130,_ZN43EquivalentClassTest_FebruaryNormalYear_TestD2Ev
FN:145,_ZN32EdgeTest_FebruaryNormalYear_TestC2Ev
FN:145,_ZN32EdgeTest_FebruaryNormalYear_TestD0Ev
FN:145,_ZN32EdgeTest_FebruaryNormalYear_Test8TestBodyEv
FN:145,_ZN32EdgeTest_FebruaryNormalYear_TestD2Ev
FN:162,_ZN43EquivalentClassTest_SmallMonthLeapYear_TestD0Ev
FN:162,_ZN43EquivalentClassTest_SmallMonthLeapYear_Test8TestBodyEv
FN:162,_ZN43EquivalentClassTest_SmallMonthLeapYear_TestD2Ev
FN:162,_ZN43EquivalentClassTest_SmallMonthLeapYear_TestC2Ev
FN:178,_ZN32EdgeTest_SmallMonthLeapYear_Test8TestBodyEv
FN:178,_ZN32EdgeTest_SmallMonthLeapYear_TestD2Ev
FN:178,_ZN32EdgeTest_SmallMonthLeapYear_TestD0Ev
FN:178,_ZN32EdgeTest_SmallMonthLeapYear_TestC2Ev
FN:191,_ZN41EquivalentClassTest_BigMonthLeapYear_TestD2Ev
FN:191,_ZN41EquivalentClassTest_BigMonthLeapYear_TestD0Ev
FN:191,_ZN41EquivalentClassTest_BigMonthLeapYear_TestC2Ev
FN:191,_ZN41EquivalentClassTest_BigMonthLeapYear_Test8TestBodyEv
FN:207,_ZN30EdgeTest_BigMonthLeapYear_TestC2Ev
FN:207,_ZN30EdgeTest_BigMonthLeapYear_TestD0Ev
FN:207,_ZN30EdgeTest_BigMonthLeapYear_TestD2Ev
FN:207,_ZN30EdgeTest_BigMonthLeapYear_Test8TestBodyEv
FN:224,_ZN41EquivalentClassTest_FebruaryLeapYear_TestD0Ev
FN:224,_ZN41EquivalentClassTest_FebruaryLeapYear_Test8TestBodyEv
FN:224,_ZN41EquivalentClassTest_FebruaryLeapYear_TestC2Ev
FN:224,_ZN41EquivalentClassTest_FebruaryLeapYear_TestD2Ev
FN:239,_ZN30EdgeTest_FebruaryLeapYear_Test8TestBodyEv
FN:239,_ZN30EdgeTest_FebruaryLeapYear_TestD0Ev
FN:239,_ZN30EdgeTest_FebruaryLeapYear_TestD2Ev
FN:239,_ZN30EdgeTest_FebruaryLeapYear_TestC2Ev
FN:253,_ZN20C0Coverage_C0_1_TestC2Ev
FN:253,_ZN20C0Coverage_C0_1_Test8TestBodyEv
FN:253,_ZN20C0Coverage_C0_1_TestD2Ev
FN:253,_ZN20C0Coverage_C0_1_TestD0Ev
FN:262,main
FN:265,_GLOBAL__sub_I__Z12testNextDateiiiiii
FNDA:4,_Z12testNextDateiiiiii
FNDA:1,_Z11testInvalidiii
FNDA:0,_ZN22BoundaryTest_Year_TestD0Ev
FNDA:0,_ZN22BoundaryTest_Year_TestD2Ev
FNDA:0,_ZN22BoundaryTest_Year_Test8TestBodyEv
FNDA:0,_ZN22BoundaryTest_Year_TestC2Ev
FNDA:0,_ZN23BoundaryTest_Month_TestD0Ev
FNDA:0,_ZN23BoundaryTest_Month_TestD2Ev
FNDA:0,_ZN23BoundaryTest_Month_Test8TestBodyEv
FNDA:0,_ZN23BoundaryTest_Month_TestC2Ev
FNDA:0,_ZN21BoundaryTest_Day_TestD0Ev
FNDA:0,_ZN21BoundaryTest_Day_TestD2Ev
FNDA:0,_ZN21BoundaryTest_Day_Test8TestBodyEv
FNDA:0,_ZN21BoundaryTest_Day_TestC2Ev
FNDA:0,_ZN45EquivalentClassTest_SmallMonthNormalYear_TestD0Ev
FNDA:0,_ZN45EquivalentClassTest_SmallMonthNormalYear_TestD2Ev
FNDA:0,_ZN45EquivalentClassTest_SmallMonthNormalYear_Test8TestBodyEv
FNDA:0,_ZN45EquivalentClassTest_SmallMonthNormalYear_TestC2Ev
FNDA:0,_ZN34EdgeTest_SmallMonthNormalYear_TestD0Ev
FNDA:0,_ZN34EdgeTest_SmallMonthNormalYear_TestD2Ev
FNDA:0,_ZN34EdgeTest_SmallMonthNormalYear_Test8TestBodyEv
FNDA:0,_ZN34EdgeTest_SmallMonthNormalYear_TestC2Ev
FNDA:0,_ZN43EquivalentClassTest_BigMonthNormalYear_TestD0Ev
FNDA:0,_ZN43EquivalentClassTest_BigMonthNormalYear_TestD2Ev
FNDA:0,_ZN43EquivalentClassTest_BigMonthNormalYear_Test8TestBodyEv
FNDA:0,_ZN43EquivalentClassTest_BigMonthNormalYear_TestC2Ev
FNDA:0,_ZN32EdgeTest_BigMonthNormalYear_TestD0Ev
FNDA:0,_ZN32EdgeTest_BigMonthNormalYear_TestD2Ev
FNDA:0,_ZN32EdgeTest_BigMonthNormalYear_Test8TestBodyEv
FNDA:0,_ZN32EdgeTest_BigMonthNormalYear_TestC2Ev
FNDA:0,_ZN43EquivalentClassTest_FebruaryNormalYear_TestD0Ev
FNDA:0,_ZN43EquivalentClassTest_FebruaryNormalYear_TestD2Ev
FNDA:0,_ZN43EquivalentClassTest_FebruaryNormalYear_Test8TestBodyEv
FNDA:0,_ZN43EquivalentClassTest_FebruaryNormalYear_TestC2Ev
FNDA:0,_ZN32EdgeTest_FebruaryNormalYear_TestD0Ev
FNDA:0,_ZN32EdgeTest_FebruaryNormalYear_TestD2Ev
FNDA:0,_ZN32EdgeTest_FebruaryNormalYear_Test8TestBodyEv
FNDA:0,_ZN32EdgeTest_FebruaryNormalYear_TestC2Ev
FNDA:0,_ZN43EquivalentClassTest_SmallMonthLeapYear_TestD0Ev
FNDA:0,_ZN43EquivalentClassTest_SmallMonthLeapYear_TestD2Ev
FNDA:0,_ZN43EquivalentClassTest_SmallMonthLeapYear_Test8TestBodyEv
FNDA:0,_ZN43EquivalentClassTest_SmallMonthLeapYear_TestC2Ev
FNDA:0,_ZN32EdgeTest_SmallMonthLeapYear_TestD0Ev
FNDA:0,_ZN32EdgeTest_SmallMonthLeapYear_TestD2Ev
FNDA:0,_ZN32EdgeTest_SmallMonthLeapYear_Test8TestBodyEv
FNDA:0,_ZN32EdgeTest_SmallMonthLeapYear_TestC2Ev
FNDA:0,_ZN41EquivalentClassTest_BigMonthLeapYear_TestD0Ev
FNDA:0,_ZN41EquivalentClassTest_BigMonthLeapYear_TestD2Ev
FNDA:0,_ZN41EquivalentClassTest_BigMonthLeapYear_Test8TestBodyEv
FNDA:0,_ZN41EquivalentClassTest_BigMonthLeapYear_TestC2Ev
FNDA:0,_ZN30EdgeTest_BigMonthLeapYear_TestD0Ev
FNDA:0,_ZN30EdgeTest_BigMonthLeapYear_TestD2Ev
FNDA:0,_ZN30EdgeTest_BigMonthLeapYear_Test8TestBodyEv
FNDA:0,_ZN30EdgeTest_BigMonthLeapYear_TestC2Ev
FNDA:0,_ZN41EquivalentClassTest_FebruaryLeapYear_TestD0Ev
FNDA:0,_ZN41EquivalentClassTest_FebruaryLeapYear_TestD2Ev
FNDA:0,_ZN41EquivalentClassTest_FebruaryLeapYear_Test8TestBodyEv
FNDA:0,_ZN41EquivalentClassTest_FebruaryLeapYear_TestC2Ev
FNDA:0,_ZN30EdgeTest_FebruaryLeapYear_TestD0Ev
FNDA:0,_ZN30EdgeTest_FebruaryLeapYear_TestD2Ev
FNDA:0,_ZN30EdgeTest_FebruaryLeapYear_Test8TestBodyEv
FNDA:0,_ZN30EdgeTest_FebruaryLeapYear_TestC2Ev
FNDA:1,_ZN20C0Coverage_C0_1_TestD0Ev
FNDA:1,_ZN20C0Coverage_C0_1_TestD2Ev
FNDA:1,_ZN20C0Coverage_C0_1_Test8TestBodyEv
FNDA:1,_ZN20C0Coverage_C0_1_TestC2Ev
FNDA:1,main
FNDA:1,_GLOBAL__sub_I__Z12testNextDateiiiiii
FNDA:1,_Z41__static_initialization_and_destruction_0ii
FNF:69
FNH:9
BRDA:10,9999,2,0
BRDA:10,9999,3,4
BRDA:10,0,4,-
BRDA:10,0,5,-
BRDA:10,1,7,-
BRDA:10,1,8,-
BRDA:10,2,10,-
BRDA:10,2,11,-
BRDA:10,3,13,-
BRDA:10,3,14,-
BRDA:10,4,16,-
BRDA:10,4,17,-
BRDA:10,5,19,-
BRDA:10,5,20,-
BRDA:11,9999,2,0
BRDA:11,9999,3,4
BRDA:11,0,4,-
BRDA:11,0,5,-
BRDA:11,1,7,-
BRDA:11,1,8,-
BRDA:11,2,10,-
BRDA:11,2,11,-
BRDA:11,3,13,-
BRDA:11,3,14,-
BRDA:11,4,16,-
BRDA:11,4,17,-
BRDA:11,5,19,-
BRDA:11,5,20,-
BRDA:12,9999,2,0
BRDA:12,9999,3,4
BRDA:12,0,4,-
BRDA:12,0,5,-
BRDA:12,1,7,-
BRDA:12,1,8,-
BRDA:12,2,10,-
BRDA:12,2,11,-
BRDA:12,3,13,-
BRDA:12,3,14,-
BRDA:12,4,16,-
BRDA:12,4,17,-
BRDA:12,5,19,-
BRDA:12,5,20,-
BRDA:22,9999,2,0
BRDA:22,9999,3,1
BRDA:22,0,4,-
BRDA:22,0,5,-
BRDA:22,1,7,-
BRDA:22,1,8,-
BRDA:22,2,11,-
BRDA:22,2,12,-
BRDA:22,3,14,-
BRDA:22,3,15,-
BRDA:22,4,17,-
BRDA:22,4,18,-
BRDA:22,5,21,-
BRDA:22,5,22,-
BRDA:25,1,7,-
BRDA:25,1,8,-
BRDA:38,1,7,-
BRDA:38,1,8,-
BRDA:49,1,7,-
BRDA:49,1,8,-
BRDA:64,1,7,-
BRDA:64,1,8,-
BRDA:80,1,7,-
BRDA:80,1,8,-
BRDA:96,1,7,-
BRDA:96,1,8,-
BRDA:116,1,7,-
BRDA:116,1,8,-
BRDA:130,1,7,-
BRDA:130,1,8,-
BRDA:145,1,7,-
BRDA:145,1,8,-
BRDA:162,1,7,-
BRDA:162,1,8,-
BRDA:178,1,7,-
BRDA:178,1,8,-
BRDA:191,1,7,-
BRDA:191,1,8,-
BRDA:207,1,7,-
BRDA:207,1,8,-
BRDA:224,1,7,-
BRDA:224,1,8,-
BRDA:239,1,7,-
BRDA:239,1,8,-
BRDA:253,1,7,0
BRDA:253,1,8,1
BRDA:265,1,1,1
BRDA:265,1,2,0
BRDA:265,2,3,1
BRDA:265,2,4,0
BRF:92
BRH:7
DA:4,4
DA:5,4
DA:6,4
DA:10,4
DA:11,4
DA:12,4
DA:15,4
DA:17,1
DA:18,1
DA:19,1
DA:20,1
DA:21,1
DA:22,1
DA:23,1
DA:25,1
DA:26,0
DA:27,0
DA:28,0
DA:29,0
DA:32,0
DA:33,0
DA:34,0
DA:35,0
DA:36,0
DA:38,1
DA:39,0
DA:40,0
DA:41,0
DA:42,0
DA:45,0
DA:46,0
DA:47,0
DA:49,1
DA:50,0
DA:51,0
DA:52,0
DA:53,0
DA:54,0
DA:55,0
DA:58,0
DA:59,0
DA:60,0
DA:61,0
DA:62,0
DA:64,1
DA:66,0
DA:67,0
DA:68,0
DA:69,0
DA:70,0
DA:71,0
DA:74,0
DA:75,0
DA:76,0
DA:77,0
DA:78,0
DA:80,1
DA:82,0
DA:83,0
DA:84,0
DA:85,0
DA:86,0
DA:87,0
DA:90,0
DA:91,0
DA:92,0
DA:93,0
DA:94,0
DA:96,1
DA:98,0
DA:99,0
DA:100,0
DA:101,0
DA:102,0
DA:103,0
DA:104,0
DA:107,0
DA:108,0
DA:109,0
DA:110,0
DA:111,0
DA:112,0
DA:113,0
DA:114,0
DA:116,1
DA:118,0
DA:119,0
DA:120,0
DA:121,0
DA:124,0
DA:125,0
DA:126,0
DA:127,0
DA:130,1
DA:132,0
DA:133,0
DA:134,0
DA:135,0
DA:136,0
DA:139,0
DA:140,0
DA:141,0
DA:142,0
DA:143,0
DA:145,1
DA:147,0
DA:148,0
DA:149,0
DA:150,0
DA:151,0
DA:154,0
DA:155,0
DA:156,0
DA:157,0
DA:158,0
DA:159,0
DA:162,1
DA:164,0
DA:165,0
DA:166,0
DA:167,0
DA:168,0
DA:169,0
DA:172,0
DA:173,0
DA:174,0
DA:175,0
DA:176,0
DA:178,1
DA:180,0
DA:181,0
DA:182,0
DA:183,0
DA:184,0
DA:187,0
DA:188,0
DA:189,0
DA:191,1
DA:193,0
DA:194,0
DA:195,0
DA:196,0
DA:197,0
DA:198,0
DA:199,0
DA:202,0
DA:203,0
DA:204,0
DA:205,0
DA:207,1
DA:209,0
DA:210,0
DA:211,0
DA:212,0
DA:213,0
DA:214,0
DA:215,0
DA:218,0
DA:219,0
DA:220,0
DA:221,0
DA:224,1
DA:226,0
DA:227,0
DA:228,0
DA:229,0
DA:230,0
DA:231,0
DA:234,0
DA:235,0
DA:236,0
DA:237,0
DA:239,1
DA:241,0
DA:242,0
DA:243,0
DA:244,0
DA:245,0
DA:248,0
DA:249,0
DA:250,0
DA:251,0
DA:253,4
DA:255,1
DA:256,1
DA:257,1
DA:258,1
DA:259,1
DA:260,1
DA:262,1
DA:263,1
DA:264,1
DA:265,3
LF:193
LH:40
end_of_record
SF:/usr/include/c++/4.6/bits/allocator.h
FN:107,_ZNSaIcEC2Ev
FN:109,_ZNSaIcEC2ERKS_
FN:115,_ZNSaIcED2Ev
FN:115,_ZNSaImED2Ev
FN:127,_ZSteqIcEbRKSaIT_ES3_
FNDA:0,_ZNSaIcEC2Ev
FNDA:0,_ZNSaIcEC2ERKS_
FNDA:0,_ZNSaImED2Ev
FNDA:0,_ZNSaIcED2Ev
FNDA:0,_ZSteqIcEbRKSaIT_ES3_
FNF:5
FNH:0
DA:107,0
DA:109,0
DA:110,0
DA:115,0
DA:127,0
DA:128,0
LF:6
LH:0
end_of_record
SF:/usr/include/c++/4.6/bits/basic_ios.h
FN:48,_ZSt13__check_facetISt5ctypeIcEERKT_PS3_
FN:129,_ZNKSt9basic_iosIcSt11char_traitsIcEE7rdstateEv
FN:149,_ZNSt9basic_iosIcSt11char_traitsIcEE8setstateESt12_Ios_Iostate
FN:274,_ZNSt9basic_iosIcSt11char_traitsIcEED2Ev
FN:274,_ZNSt9basic_iosIcSt11char_traitsIcEED0Ev
FN:441,_ZNKSt9basic_iosIcSt11char_traitsIcEE5widenEc
FN:452,_ZNSt9basic_iosIcSt11char_traitsIcEEC2Ev
FNDA:0,_ZSt13__check_facetISt5ctypeIcEERKT_PS3_
FNDA:0,_ZNKSt9basic_iosIcSt11char_traitsIcEE7rdstateEv
FNDA:0,_ZNSt9basic_iosIcSt11char_traitsIcEE8setstateESt12_Ios_Iostate
FNDA:0,_ZNSt9basic_iosIcSt11char_traitsIcEED0Ev
FNDA:0,_ZNSt9basic_iosIcSt11char_traitsIcEED2Ev
FNDA:0,_ZNKSt9basic_iosIcSt11char_traitsIcEE5widenEc
FNDA:0,_ZNSt9basic_iosIcSt11char_traitsIcEEC2Ev
FNF:7
FNH:0
BRDA:50,0,0,-
BRDA:50,0,1,-
BRDA:274,1,3,-
BRDA:274,1,4,-
BRF:4
BRH:0
DA:48,0
DA:50,0
DA:51,0
DA:52,0
DA:129,0
DA:130,0
DA:149,0
DA:150,0
DA:274,0
DA:441,0
DA:442,0
DA:452,0
DA:454,0
DA:455,0
LF:14
LH:0
end_of_record
SF:/usr/include/c++/4.6/bits/basic_string.h
FN:176,_ZNSs4_Rep12_S_empty_repEv
FN:198,_ZNSs4_Rep15_M_set_sharableEv
FN:202,_ZNSs4_Rep26_M_set_length_and_sharableEj
FN:217,_ZNSs4_Rep10_M_refdataEv
FN:232,_ZNSs4_Rep10_M_disposeERKSaIcE
FN:267,_ZNSs12_Alloc_hiderD2Ev
FN:269,_ZNSs12_Alloc_hiderC2EPcRKSaIcE
FN:287,_ZNKSs7_M_dataEv
FN:295,_ZNKSs6_M_repEv
FN:349,_ZNSs7_M_copyEPcPKcj
FN:394,_ZNSs13_S_copy_charsEPcS_S_
FN:421,_ZNSs12_S_empty_repEv
FN:432,_ZNSsC2Ev
FN:533,_ZNSsD2Ev
FN:541,_ZNSsaSERKSs
FN:716,_ZNKSs6lengthEv
FN:1688,_ZNSs16_S_construct_auxIPcEES0_T_S1_RKSaIcESt12__false_type
FN:1710,_ZNSs12_S_constructIPcEES0_T_S1_RKSaIcE
FN:1766,_ZNKSs5c_strEv
FN:1783,_ZNKSs13get_allocatorEv
FNDA:0,_ZNSs4_Rep12_S_empty_repEv
FNDA:0,_ZNSs4_Rep15_M_set_sharableEv
FNDA:0,_ZNSs4_Rep26_M_set_length_and_sharableEj
FNDA:0,_ZNSs4_Rep10_M_refdataEv
FNDA:0,_ZNSs4_Rep10_M_disposeERKSaIcE
FNDA:0,_ZNSs12_Alloc_hiderD2Ev
FNDA:0,_ZNSs12_Alloc_hiderC2EPcRKSaIcE
FNDA:0,_ZNKSs7_M_dataEv
FNDA:0,_ZNKSs6_M_repEv
FNDA:0,_ZNSs7_M_copyEPcPKcj
FNDA:0,_ZNSs13_S_copy_charsEPcS_S_
FNDA:0,_ZNSs12_S_empty_repEv
FNDA:0,_ZNSsC2Ev
FNDA:0,_ZNSsD2Ev
FNDA:0,_ZNSsaSERKSs
FNDA:0,_ZNKSs6lengthEv
FNDA:0,_ZNSs16_S_construct_auxIPcEES0_T_S1_RKSaIcESt12__false_type
FNDA:0,_ZNSs12_S_constructIPcEES0_T_S1_RKSaIcE
FNDA:0,_ZNKSs5c_strEv
FNDA:0,_ZNKSs13get_allocatorEv
FNF:20
FNH:0
BRDA:205,0,1,-
BRDA:205,0,2,-
BRDA:235,0,1,-
BRDA:235,0,2,-
BRDA:240,0,1,-
BRDA:240,0,2,-
BRDA:351,0,0,-
BRDA:351,0,1,-
BRDA:434,0,1,-
BRDA:434,0,2,-
BRDA:434,1,5,-
BRDA:434,1,6,-
BRDA:534,0,0,-
BRDA:534,0,1,-
BRDA:534,1,3,-
BRDA:534,1,4,-
BRDA:534,2,6,-
BRDA:534,2,7,-
BRF:18
BRH:0
DA:176,0
DA:181,0
DA:182,0
DA:198,0
DA:199,0
DA:202,0
DA:205,0
DA:208,0
DA:209,0
DA:210,0
DA:214,0
DA:217,0
DA:218,0
DA:232,0
DA:235,0
DA:240,0
DA:244,0
DA:247,0
DA:267,0
DA:269,0
DA:270,0
DA:287,0
DA:288,0
DA:295,0
DA:296,0
DA:349,0
DA:351,0
DA:352,0
DA:354,0
DA:355,0
DA:394,0
DA:395,0
DA:421,0
DA:422,0
DA:432,0
DA:434,0
DA:533,0
DA:534,0
DA:541,0
DA:542,0
DA:716,0
DA:717,0
DA:1688,0
DA:1692,0
DA:1710,0
DA:1713,0
DA:1766,0
DA:1767,0
DA:1783,0
DA:1784,0
LF:50
LH:0
end_of_record
SF:/usr/include/c++/4.6/bits/basic_string.tcc
FN:125,_ZNSs12_S_constructIPcEES0_T_S1_RKSaIcESt20forward_iterator_tag
FN:229,_ZNSsC2IPcEET_S1_RKSaIcE
FNDA:0,_ZNSs12_S_constructIPcEES0_T_S1_RKSaIcESt20forward_iterator_tag
FNDA:0,_ZNSsC2IPcEET_S1_RKSaIcE
FNF:2
FNH:0
BRDA:130,0,0,-
BRDA:130,0,1,-
BRDA:130,1,4,-
BRDA:130,1,5,-
BRDA:130,4,6,-
BRDA:130,4,7,-
BRDA:130,6,9,-
BRDA:130,6,10,-
BRDA:134,0,1,-
BRDA:134,0,2,-
BRDA:134,1,3,-
BRDA:134,1,4,-
BRDA:134,4,5,-
BRDA:134,4,6,-
BRDA:142,9999,1,-
BRDA:142,9999,2,-
BRF:16
BRH:0
DA:125,0
DA:130,0
DA:131,0
DA:134,0
DA:135,0
DA:138,0
DA:140,0
DA:142,0
DA:143,0
DA:145,0
DA:146,0
DA:148,0
DA:149,0
DA:229,0
DA:231,0
DA:232,0
LF:16
LH:0
end_of_record
SF:/usr/include/c++/4.6/bits/char_traits.h
FN:244,_ZNSt11char_traitsIcE6assignERcRKc
FN:260,_ZNSt11char_traitsIcE6lengthEPKc
FN:272,_ZNSt11char_traitsIcE4copyEPcPKcj
FNDA:0,_ZNSt11char_traitsIcE6assignERcRKc
FNDA:0,_ZNSt11char_traitsIcE6lengthEPKc
FNDA:0,_ZNSt11char_traitsIcE4copyEPcPKcj
FNF:3
FNH:0
DA:244,0
DA:245,0
DA:260,0
DA:261,0
DA:272,0
DA:273,0
LF:6
LH:0
end_of_record
SF:/usr/include/c++/4.6/bits/ios_base.h
FN:121,_ZStorSt13_Ios_OpenmodeS_
FN:159,_ZStorSt12_Ios_IostateS_
FN:632,_ZNSt8ios_base9precisionEi
FNDA:74,_ZStorSt13_Ios_OpenmodeS_
FNDA:0,_ZStorSt12_Ios_IostateS_
FNDA:0,_ZNSt8ios_base9precisionEi
FNF:3
FNH:1
DA:121,74
DA:122,74
DA:159,0
DA:160,0
DA:632,0
DA:634,0
DA:635,0
DA:636,0
LF:8
LH:2
end_of_record
SF:/usr/include/c++/4.6/bits/locale_facets.h
FN:866,_ZNKSt5ctypeIcE5widenEc
FN:1076,_ZNKSt5ctypeIcE8do_widenEc
FN:1099,_ZNKSt5ctypeIcE8do_widenEPKcS2_Pc
FN:1125,_ZNKSt5ctypeIcE9do_narrowEcc
FN:1151,_ZNKSt5ctypeIcE9do_narrowEPKcS2_cPc
FNDA:0,_ZNKSt5ctypeIcE5widenEc
FNDA:0,_ZNKSt5ctypeIcE8do_widenEc
FNDA:0,_ZNKSt5ctypeIcE8do_widenEPKcS2_Pc
FNDA:0,_ZNKSt5ctypeIcE9do_narrowEcc
FNDA:0,_ZNKSt5ctypeIcE9do_narrowEPKcS2_cPc
FNF:5
FNH:0
BRDA:868,0,0,-
BRDA:868,0,1,-
BRF:2
BRH:0
DA:866,0
DA:868,0
DA:869,0
DA:870,0
DA:871,0
DA:1076,0
DA:1077,0
DA:1099,0
DA:1101,0
DA:1102,0
DA:1125,0
DA:1126,0
DA:1151,0
DA:1154,0
DA:1155,0
LF:15
LH:0
end_of_record
SF:/usr/include/c++/4.6/bits/stl_bvector.h
FN:74,_ZNSt14_Bit_referenceC2EPmm
FN:79,_ZNKSt14_Bit_referencecvbEv
FN:115,_ZNSt18_Bit_iterator_baseC2EPmj
FN:119,_ZNSt18_Bit_iterator_base10_M_bump_upEv
FN:153,_ZNKSt18_Bit_iterator_baseeqERKS_
FN:281,_ZNSt19_Bit_const_iteratorC2ERKSt13_Bit_iterator
FN:285,_ZNKSt19_Bit_const_iteratordeEv
FN:289,_ZNSt19_Bit_const_iteratorppEv
FN:381,_ZNSt13_Bvector_baseISaIbEE13_Bvector_implD2Ev
FN:431,_ZNSt13_Bvector_baseISaIbEED2Ev
FN:443,_ZNSt13_Bvector_baseISaIbEE13_M_deallocateEv
FN:556,_ZNSt6vectorIbSaIbEED2Ev
FN:619,_ZNKSt6vectorIbSaIbEE5beginEv
FN:627,_ZNKSt6vectorIbSaIbEE3endEv
FNDA:0,_ZNSt14_Bit_referenceC2EPmm
FNDA:0,_ZNKSt14_Bit_referencecvbEv
FNDA:0,_ZNSt18_Bit_iterator_baseC2EPmj
FNDA:0,_ZNSt18_Bit_iterator_base10_M_bump_upEv
FNDA:0,_ZNKSt18_Bit_iterator_baseeqERKS_
FNDA:0,_ZNSt19_Bit_const_iteratorC2ERKSt13_Bit_iterator
FNDA:0,_ZNKSt19_Bit_const_iteratordeEv
FNDA:0,_ZNSt19_Bit_const_iteratorppEv
FNDA:0,_ZNSt13_Bvector_baseISaIbEE13_Bvector_implD2Ev
FNDA:0,_ZNSt13_Bvector_baseISaIbEED2Ev
FNDA:0,_ZNSt13_Bvector_baseISaIbEE13_M_deallocateEv
FNDA:0,_ZNSt6vectorIbSaIbEED2Ev
FNDA:0,_ZNKSt6vectorIbSaIbEE5beginEv
FNDA:0,_ZNKSt6vectorIbSaIbEE3endEv
FNF:14
FNH:0
BRDA:121,0,0,-
BRDA:121,0,1,-
BRDA:154,0,0,-
BRDA:154,0,1,-
BRDA:154,1,2,-
BRDA:154,1,3,-
BRDA:432,0,0,-
BRDA:432,0,1,-
BRDA:445,0,0,-
BRDA:445,0,1,-
BRF:10
BRH:0
DA:74,0
DA:75,0
DA:79,0
DA:80,0
DA:115,0
DA:116,0
DA:119,0
DA:121,0
DA:123,0
DA:124,0
DA:126,0
DA:153,0
DA:154,0
DA:281,0
DA:282,0
DA:285,0
DA:286,0
DA:289,0
DA:291,0
DA:292,0
DA:381,0
DA:431,0
DA:432,0
DA:443,0
DA:445,0
DA:446,0
DA:448,0
DA:556,0
DA:619,0
DA:620,0
DA:627,0
DA:628,0
LF:32
LH:0
end_of_record
SF:/usr/include/c++/4.6/bits/stl_iterator_base_funcs.h
FN:90,_ZSt10__distanceIPcENSt15iterator_traitsIT_E15difference_typeES2_S2_St26random_access_iterator_tag
FN:113,_ZSt8distanceIPcENSt15iterator_traitsIT_E15difference_typeES2_S2_
FNDA:0,_ZSt10__distanceIPcENSt15iterator_traitsIT_E15difference_typeES2_S2_St26random_access_iterator_tag
FNDA:0,_ZSt8distanceIPcENSt15iterator_traitsIT_E15difference_typeES2_S2_
FNF:2
FNH:0
DA:90,0
DA:96,0
DA:113,0
DA:117,0
LF:4
LH:0
end_of_record
SF:/usr/include/c++/4.6/bits/stl_iterator_base_types.h
FN:119,_ZNSt8iteratorISt26random_access_iterator_tagbiPbRbEC2Ev
FN:202,_ZSt19__iterator_categoryIPcENSt15iterator_traitsIT_E17iterator_categoryERKS2_
FNDA:0,_ZNSt8iteratorISt26random_access_iterator_tagbiPbRbEC2Ev
FNDA:0,_ZSt19__iterator_categoryIPcENSt15iterator_traitsIT_E17iterator_categoryERKS2_
FNF:2
FNH:0
DA:119,0
DA:202,0
DA:203,0
LF:3
LH:0
end_of_record
SF:/usr/include/c++/4.6/ext/atomicity.h
FN:47,_ZN9__gnu_cxxL18__exchange_and_addEPVii
FN:64,_ZN9__gnu_cxxL25__exchange_and_add_singleEPii
FN:77,_ZN9__gnu_cxxL27__exchange_and_add_dispatchEPii
FNDA:0,_ZN9__gnu_cxxL18__exchange_and_addEPVii
FNDA:0,_ZN9__gnu_cxxL25__exchange_and_add_singleEPii
FNDA:0,_ZN9__gnu_cxxL27__exchange_and_add_dispatchEPii
FNF:3
FNH:0
BRDA:80,0,1,-
BRDA:80,0,2,-
BRF:2
BRH:0
DA:47,0
DA:48,0
DA:64,0
DA:66,0
DA:67,0
DA:68,0
DA:77,0
DA:80,0
DA:81,0
DA:83,0
LF:10
LH:0
end_of_record
SF:/usr/include/c++/4.6/ext/new_allocator.h
FN:69,_ZN9__gnu_cxx13new_allocatorIcEC2Ev
FN:71,_ZN9__gnu_cxx13new_allocatorIcEC2ERKS1_
FN:76,_ZN9__gnu_cxx13new_allocatorImED2Ev
FN:76,_ZN9__gnu_cxx13new_allocatorIcED2Ev
FN:97,_ZN9__gnu_cxx13new_allocatorImE10deallocateEPmj
FNDA:0,_ZN9__gnu_cxx13new_allocatorIcEC2Ev
FNDA:0,_ZN9__gnu_cxx13new_allocatorIcEC2ERKS1_
FNDA:0,_ZN9__gnu_cxx13new_allocatorImED2Ev
FNDA:0,_ZN9__gnu_cxx13new_allocatorIcED2Ev
FNDA:0,_ZN9__gnu_cxx13new_allocatorImE10deallocateEPmj
FNF:5
FNH:0
DA:69,0
DA:71,0
DA:76,0
DA:97,0
DA:98,0
LF:5
LH:0
end_of_record
SF:/usr/include/c++/4.6/ext/type_traits.h
FN:151,_ZN9__gnu_cxx17__is_null_pointerIcEEbPT_
FNDA:0,_ZN9__gnu_cxx17__is_null_pointerIcEEbPT_
FNF:1
FNH:0
DA:151,0
DA:152,0
LF:2
LH:0
end_of_record
SF:/usr/include/c++/4.6/i686-linux-gnu/bits/gthr-default.h
FN:240,_ZL18__gthread_active_pv
FNDA:0,_ZL18__gthread_active_pv
FNF:1
FNH:0
DA:240,0
DA:252,0
LF:2
LH:0
end_of_record
SF:/usr/include/c++/4.6/iomanip
FN:194,_ZSt12setprecisioni
FN:207,_ZStlsIcSt11char_traitsIcEERSt13basic_ostreamIT_T0_ES6_St13_Setprecision
FNDA:37,_ZSt12setprecisioni
FNDA:0,_ZStlsIcSt11char_traitsIcEERSt13basic_ostreamIT_T0_ES6_St13_Setprecision
FNF:2
FNH:1
DA:194,37
DA:195,37
DA:207,0
DA:209,0
DA:210,0
LF:5
LH:2
end_of_record
SF:/usr/include/c++/4.6/iostream
DA:75,1
LF:1
LH:1
end_of_record
SF:/usr/include/c++/4.6/istream
FN:103,_ZNSiD1Ev
FN:103,_ZNSiD2Ev
FN:103,_ZNSiD0Ev
FN:587,_ZNSiC2Ev
FN:806,_ZNSdD0Ev
FN:806,_ZNSdD1Ev
FN:806,_ZNSdD2Ev
FN:809,_ZNSdC2Ev
FNDA:0,_ZNSiD0Ev
FNDA:0,_ZNSiD1Ev
FNDA:0,_ZNSiD2Ev
FNDA:0,_ZNSiC2Ev
FNDA:0,_ZNSdD0Ev
FNDA:0,_ZNSdD1Ev
FNDA:0,_ZNSdD2Ev
FNDA:0,_ZNSdC2Ev
FNF:8
FNH:0
BRDA:104,1,2,-
BRDA:104,1,3,-
BRDA:104,3,5,-
BRDA:104,3,6,-
BRDA:104,6,8,-
BRDA:104,6,9,-
BRDA:104,8,11,-
BRDA:104,8,12,-
BRDA:589,0,0,-
BRDA:589,0,1,-
BRDA:806,1,2,-
BRDA:806,1,3,-
BRDA:806,2,5,-
BRDA:806,2,6,-
BRDA:806,3,8,-
BRDA:806,3,9,-
BRDA:806,5,11,-
BRDA:806,5,12,-
BRDA:806,9,15,-
BRDA:806,9,16,-
BRDA:806,12,19,-
BRDA:806,12,20,-
BRDA:806,13,22,-
BRDA:806,13,23,-
BRDA:806,14,25,-
BRDA:806,14,26,-
BRDA:806,16,28,-
BRDA:806,16,29,-
BRDA:806,20,32,-
BRDA:806,20,33,-
BRDA:810,0,0,-
BRDA:810,0,1,-
BRDA:810,1,3,-
BRDA:810,1,4,-
BRF:34
BRH:0
DA:103,0
DA:104,0
DA:587,0
DA:588,0
DA:589,0
DA:806,0
DA:809,0
DA:810,0
LF:8
LH:0
end_of_record
SF:/usr/include/c++/4.6/ostream
FN:93,_ZNSoD0Ev
FN:93,_ZNSoD2Ev
FN:93,_ZNSoD1Ev
FN:110,_ZNSolsEPFRSoS_E
FN:363,_ZNSoC2Ev
FN:510,_ZStlsISt11char_traitsIcEERSt13basic_ostreamIcT_ES5_PKc
FN:543,_ZSt4endlIcSt11char_traitsIcEERSt13basic_ostreamIT_T0_ES6_
FN:564,_ZSt5flushIcSt11char_traitsIcEERSt13basic_ostreamIT_T0_ES6_
FNDA:0,_ZNSoD0Ev
FNDA:0,_ZNSoD1Ev
FNDA:0,_ZNSoD2Ev
FNDA:0,_ZNSolsEPFRSoS_E
FNDA:0,_ZNSoC2Ev
FNDA:0,_ZStlsISt11char_traitsIcEERSt13basic_ostreamIcT_ES5_PKc
FNDA:0,_ZSt4endlIcSt11char_traitsIcEERSt13basic_ostreamIT_T0_ES6_
FNDA:0,_ZSt5flushIcSt11char_traitsIcEERSt13basic_ostreamIT_T0_ES6_
FNF:8
FNH:0
BRDA:93,1,2,-
BRDA:93,1,3,-
BRDA:93,3,5,-
BRDA:93,3,6,-
BRDA:93,6,8,-
BRDA:93,6,9,-
BRDA:93,8,11,-
BRDA:93,8,12,-
BRDA:364,0,0,-
BRDA:364,0,1,-
BRDA:512,0,0,-
BRDA:512,0,1,-
BRF:12
BRH:0
DA:93,0
DA:110,0
DA:115,0
DA:363,0
DA:364,0
DA:510,0
DA:512,0
DA:513,0
DA:515,0
DA:517,0
DA:543,0
DA:544,0
DA:564,0
DA:565,0
LF:14
LH:0
end_of_record
SF:/usr/include/c++/4.6/sstream
FN:60,_ZNSt15basic_stringbufIcSt11char_traitsIcESaIcEED0Ev
FN:60,_ZNSt15basic_stringbufIcSt11char_traitsIcESaIcEED2Ev
FN:94,_ZNSt15basic_stringbufIcSt11char_traitsIcESaIcEEC2ESt13_Ios_Openmode
FN:122,_ZNKSt15basic_stringbufIcSt11char_traitsIcESaIcEE3strEv
FN:517,_ZNSt18basic_stringstreamIcSt11char_traitsIcESaIcEEC1ESt13_Ios_Openmode
FN:544,_ZNSt18basic_stringstreamIcSt11char_traitsIcESaIcEED0Ev
FN:544,_ZNSt18basic_stringstreamIcSt11char_traitsIcESaIcEED1Ev
FN:563,_ZNKSt18basic_stringstreamIcSt11char_traitsIcESaIcEE3strEv
FNDA:0,_ZNSt15basic_stringbufIcSt11char_traitsIcESaIcEED0Ev
FNDA:0,_ZNSt15basic_stringbufIcSt11char_traitsIcESaIcEED2Ev
FNDA:0,_ZNSt15basic_stringbufIcSt11char_traitsIcESaIcEEC2ESt13_Ios_Openmode
FNDA:0,_ZNKSt15basic_stringbufIcSt11char_traitsIcESaIcEE3strEv
FNDA:0,_ZNSt18basic_stringstreamIcSt11char_traitsIcESaIcEEC1ESt13_Ios_Openmode
FNDA:0,_ZNSt18basic_stringstreamIcSt11char_traitsIcESaIcEED0Ev
FNDA:0,_ZNSt18basic_stringstreamIcSt11char_traitsIcESaIcEED1Ev
FNDA:0,_ZNKSt18basic_stringstreamIcSt11char_traitsIcESaIcEE3strEv
FNF:8
FNH:0
BRDA:60,1,2,-
BRDA:60,1,3,-
BRDA:60,2,6,-
BRDA:60,2,7,-
BRDA:95,0,1,-
BRDA:95,0,2,-
BRDA:125,9999,0,-
BRDA:125,9999,1,-
BRDA:125,0,3,-
BRDA:125,0,4,-
BRDA:128,0,0,-
BRDA:128,0,1,-
BRDA:128,1,3,-
BRDA:128,1,4,-
BRDA:128,2,6,-
BRDA:128,2,7,-
BRDA:129,0,1,-
BRDA:129,0,2,-
BRDA:129,1,4,-
BRDA:129,1,5,-
BRDA:129,2,7,-
BRDA:129,2,8,-
BRDA:129,3,10,-
BRDA:129,3,11,-
BRDA:129,4,13,-
BRDA:129,4,14,-
BRDA:131,0,1,-
BRDA:131,0,2,-
BRDA:131,1,4,-
BRDA:131,1,5,-
BRDA:131,2,7,-
BRDA:131,2,8,-
BRDA:131,3,10,-
BRDA:131,3,11,-
BRDA:131,4,13,-
BRDA:131,4,14,-
BRDA:134,0,0,-
BRDA:134,0,1,-
BRDA:518,0,1,-
BRDA:518,0,2,-
BRDA:518,1,4,-
BRDA:518,1,5,-
BRDA:519,0,0,-
BRDA:519,0,1,-
BRDA:545,1,2,-
BRDA:545,1,3,-
BRDA:545,2,5,-
BRDA:545,2,6,-
BRDA:545,3,8,-
BRDA:545,3,9,-
BRDA:545,5,11,-
BRDA:545,5,12,-
BRDA:545,9,15,-
BRDA:545,9,16,-
BRF:54
BRH:0
DA:60,0
DA:94,0
DA:95,0
DA:96,0
DA:122,0
DA:124,0
DA:125,0
DA:128,0
DA:129,0
DA:131,0
DA:134,0
DA:135,0
DA:517,0
DA:518,0
DA:519,0
DA:544,0
DA:545,0
DA:563,0
DA:564,0
LF:19
LH:0
end_of_record
SF:/usr/include/c++/4.6/streambuf
FN:195,_ZNSt15basic_streambufIcSt11char_traitsIcEED2Ev
FN:195,_ZNSt15basic_streambufIcSt11char_traitsIcEED0Ev
FN:443,_ZNSt15basic_streambufIcSt11char_traitsIcEEC2Ev
FN:468,_ZNKSt15basic_streambufIcSt11char_traitsIcEE5egptrEv
FN:509,_ZNKSt15basic_streambufIcSt11char_traitsIcEE5pbaseEv
FN:512,_ZNKSt15basic_streambufIcSt11char_traitsIcEE4pptrEv
FNDA:0,_ZNSt15basic_streambufIcSt11char_traitsIcEED0Ev
FNDA:0,_ZNSt15basic_streambufIcSt11char_traitsIcEED2Ev
FNDA:0,_ZNSt15basic_streambufIcSt11char_traitsIcEEC2Ev
FNDA:0,_ZNKSt15basic_streambufIcSt11char_traitsIcEE5egptrEv
FNDA:0,_ZNKSt15basic_streambufIcSt11char_traitsIcEE5pbaseEv
FNDA:0,_ZNKSt15basic_streambufIcSt11char_traitsIcEE4pptrEv
FNF:6
FNH:0
BRDA:196,1,3,-
BRDA:196,1,4,-
BRF:2
BRH:0
DA:195,0
DA:196,0
DA:443,0
DA:446,0
DA:447,0
DA:468,0
DA:509,0
DA:512,0
LF:8
LH:0
end_of_record
SF:/usr/include/c++/4.6/typeinfo
FN:123,_ZNKSt9type_infoeqERKS_
FNDA:0,_ZNKSt9type_infoeqERKS_
FNF:1
FNH:0
BRDA:127,0,0,-
BRDA:127,0,1,-
BRDA:127,1,2,-
BRDA:127,1,3,-
BRDA:127,2,4,-
BRDA:127,2,5,-
BRF:6
BRH:0
DA:123,0
DA:126,0
DA:127,0
LF:3
LH:0
end_of_record
SF:/usr/include/gtest/gtest-message.h
FN:82,_ZN7testing7MessageD2Ev
FN:94,_ZN7testing7MessageC2Ev
FNDA:37,_ZN7testing7MessageD2Ev
FNDA:37,_ZN7testing7MessageC2Ev
FNF:2
FNH:2
BRDA:94,0,2,37
BRDA:94,0,3,0
BRDA:97,9999,2,37
BRDA:97,9999,3,0
BRF:4
BRH:2
DA:82,37
DA:94,37
DA:97,37
DA:98,37
LF:4
LH:4
end_of_record
SF:/usr/include/gtest/gtest-printers.h
FN:218,_ZN16testing_internal26DefaultPrintNonContainerToIiEEvRKT_PSo
FN:335,_ZN7testing8internal14DefaultPrintToIiEEvcNS0_13bool_constantILb0EEERKT_PSo
FN:353,_ZN7testing8internal7PrintToIiEEvRKT_PSo
FN:591,_ZN7testing8internal16UniversalPrinterIiE5PrintERKiPSo
FN:677,_ZN7testing8internal19UniversalTersePrintIiEEvRKT_PSo
FN:696,_ZN7testing8internal14UniversalPrintIiEEvRKT_PSo
FN:788,_ZN7testing13PrintToStringIiEESsRKT_
FNDA:0,_ZN16testing_internal26DefaultPrintNonContainerToIiEEvRKT_PSo
FNDA:0,_ZN7testing8internal14DefaultPrintToIiEEvcNS0_13bool_constantILb0EEERKT_PSo
FNDA:0,_ZN7testing8internal7PrintToIiEEvRKT_PSo
FNDA:0,_ZN7testing8internal16UniversalPrinterIiE5PrintERKiPSo
FNDA:0,_ZN7testing8internal19UniversalTersePrintIiEEvRKT_PSo
FNDA:0,_ZN7testing8internal14UniversalPrintIiEEvRKT_PSo
FNDA:0,_ZN7testing13PrintToStringIiEESsRKT_
FNF:7
FNH:0
BRDA:790,9999,0,-
BRDA:790,9999,1,-
BRDA:791,0,0,-
BRDA:791,0,1,-
BRF:4
BRH:0
DA:218,0
DA:245,0
DA:246,0
DA:335,0
DA:338,0
DA:339,0
DA:353,0
DA:376,0
DA:377,0
DA:591,0
DA:600,0
DA:601,0
DA:677,0
DA:678,0
DA:679,0
DA:696,0
DA:697,0
DA:698,0
DA:788,0
DA:789,0
DA:790,0
DA:791,0
LF:22
LH:0
end_of_record
SF:/usr/include/gtest/gtest-test-part.h
FN:145,_ZN7testing31TestPartResultReporterInterfaceD2Ev
FN:145,_ZN7testing31TestPartResultReporterInterfaceD0Ev
FNDA:0,_ZN7testing31TestPartResultReporterInterfaceD0Ev
FNDA:0,_ZN7testing31TestPartResultReporterInterfaceD2Ev
FNF:2
FNH:0
BRDA:145,2,2,-
BRDA:145,2,3,-
BRF:2
BRH:0
DA:145,0
LF:1
LH:0
end_of_record
SF:/usr/include/gtest/gtest.h
FN:265,_ZN7testing15AssertionResultD2Ev
FN:271,_ZN7testing15AssertionResultC2Eb
FN:274,_ZNK7testing15AssertionResultcvbEv
FN:283,_ZNK7testing15AssertionResult7messageEv
FN:288,_ZNK7testing15AssertionResult15failure_messageEv
FN:374,_ZN7testing4Test13SetUpTestCaseEv
FN:382,_ZN7testing4Test16TearDownTestCaseEv
FN:459,_ZN7testing4Test5SetupEv
FN:913,_ZN7testing11EnvironmentD2Ev
FN:913,_ZN7testing11EnvironmentD0Ev
FN:916,_ZN7testing11Environment5SetUpEv
FN:919,_ZN7testing11Environment8TearDownEv
FN:924,_ZN7testing11Environment5SetupEv
FN:931,_ZN7testing17TestEventListenerD0Ev
FN:931,_ZN7testing17TestEventListenerD2Ev
FN:984,_ZN7testing22EmptyTestEventListener18OnTestProgramStartERKNS_8UnitTestE
FN:985,_ZN7testing22EmptyTestEventListener20OnTestIterationStartERKNS_8UnitTestEi
FN:987,_ZN7testing22EmptyTestEventListener24OnEnvironmentsSetUpStartERKNS_8UnitTestE
FN:988,_ZN7testing22EmptyTestEventListener22OnEnvironmentsSetUpEndERKNS_8UnitTestE
FN:989,_ZN7testing22EmptyTestEventListener15OnTestCaseStartERKNS_8TestCaseE
FN:990,_ZN7testing22EmptyTestEventListener11OnTestStartERKNS_8TestInfoE
FN:991,_ZN7testing22EmptyTestEventListener16OnTestPartResultERKNS_14TestPartResultE
FN:992,_ZN7testing22EmptyTestEventListener9OnTestEndERKNS_8TestInfoE
FN:993,_ZN7testing22EmptyTestEventListener13OnTestCaseEndERKNS_8TestCaseE
FN:994,_ZN7testing22EmptyTestEventListener27OnEnvironmentsTearDownStartERKNS_8UnitTestE
FN:995,_ZN7testing22EmptyTestEventListener25OnEnvironmentsTearDownEndERKNS_8UnitTestE
FN:996,_ZN7testing22EmptyTestEventListener18OnTestIterationEndERKNS_8UnitTestEi
FN:998,_ZN7testing22EmptyTestEventListener16OnTestProgramEndERKNS_8UnitTestE
FN:1297,_ZN7testing8internal33FormatForComparisonFailureMessageIiiEENS0_6StringERKT_RKT0_
FN:1306,_ZN7testing8internal11CmpHelperEQIiiEENS_15AssertionResultEPKcS4_RKT_RKT0_
FN:1348,_ZN7testing8internal8EqHelperILb0EE7CompareIiiEENS_15AssertionResultEPKcS6_RKT_RKT0_
FNDA:13,_ZN7testing15AssertionResultD2Ev
FNDA:13,_ZN7testing15AssertionResultC2Eb
FNDA:13,_ZNK7testing15AssertionResultcvbEv
FNDA:0,_ZNK7testing15AssertionResult7messageEv
FNDA:0,_ZNK7testing15AssertionResult15failure_messageEv
FNDA:1,_ZN7testing4Test13SetUpTestCaseEv
FNDA:1,_ZN7testing4Test16TearDownTestCaseEv
FNDA:0,_ZN7testing4Test5SetupEv
FNDA:0,_ZN7testing11EnvironmentD0Ev
FNDA:0,_ZN7testing11EnvironmentD2Ev
FNDA:0,_ZN7testing11Environment5SetUpEv
FNDA:0,_ZN7testing11Environment8TearDownEv
FNDA:0,_ZN7testing11Environment5SetupEv
FNDA:0,_ZN7testing17TestEventListenerD0Ev
FNDA:0,_ZN7testing17TestEventListenerD2Ev
FNDA:0,_ZN7testing22EmptyTestEventListener18OnTestProgramStartERKNS_8UnitTestE
FNDA:0,_ZN7testing22EmptyTestEventListener20OnTestIterationStartERKNS_8UnitTestEi
FNDA:0,_ZN7testing22EmptyTestEventListener24OnEnvironmentsSetUpStartERKNS_8UnitTestE
FNDA:0,_ZN7testing22EmptyTestEventListener22OnEnvironmentsSetUpEndERKNS_8UnitTestE
FNDA:0,_ZN7testing22EmptyTestEventListener15OnTestCaseStartERKNS_8TestCaseE
FNDA:0,_ZN7testing22EmptyTestEventListener11OnTestStartERKNS_8TestInfoE
FNDA:0,_ZN7testing22EmptyTestEventListener16OnTestPartResultERKNS_14TestPartResultE
FNDA:0,_ZN7testing22EmptyTestEventListener9OnTestEndERKNS_8TestInfoE
FNDA:0,_ZN7testing22EmptyTestEventListener13OnTestCaseEndERKNS_8TestCaseE
FNDA:0,_ZN7testing22EmptyTestEventListener27OnEnvironmentsTearDownStartERKNS_8UnitTestE
FNDA:0,_ZN7testing22EmptyTestEventListener25OnEnvironmentsTearDownEndERKNS_8UnitTestE
FNDA:0,_ZN7testing22EmptyTestEventListener18OnTestIterationEndERKNS_8UnitTestEi
FNDA:0,_ZN7testing22EmptyTestEventListener16OnTestProgramEndERKNS_8UnitTestE
FNDA:0,_ZN7testing8internal33FormatForComparisonFailureMessageIiiEENS0_6StringERKT_RKT0_
FNDA:12,_ZN7testing8internal11CmpHelperEQIiiEENS_15AssertionResultEPKcS4_RKT_RKT0_
FNDA:12,_ZN7testing8internal8EqHelperILb0EE7CompareIiiEENS_15AssertionResultEPKcS6_RKT_RKT0_
FNF:31
FNH:7
BRDA:284,0,1,-
BRDA:284,0,2,-
BRDA:913,2,2,-
BRDA:913,2,3,-
BRDA:931,2,2,-
BRDA:931,2,3,-
BRDA:1301,0,1,-
BRDA:1301,0,2,-
BRDA:1316,0,0,12
BRDA:1316,0,1,0
BRDA:1328,0,1,-
BRDA:1328,0,2,-
BRDA:1328,1,4,-
BRDA:1328,1,5,-
BRF:14
BRH:1
DA:265,13
DA:271,13
DA:274,13
DA:283,0
DA:284,0
DA:288,0
DA:374,1
DA:382,1
DA:459,0
DA:913,0
DA:916,0
DA:919,0
DA:924,0
DA:931,0
DA:984,0
DA:985,0
DA:986,0
DA:987,0
DA:988,0
DA:989,0
DA:990,0
DA:991,0
DA:992,0
DA:993,0
DA:994,0
DA:995,0
DA:996,0
DA:997,0
DA:998,0
DA:1297,0
DA:1301,0
DA:1306,12
DA:1316,12
DA:1317,12
DA:1328,12
DA:1348,12
DA:1353,12
LF:37
LH:11
end_of_record
SF:/usr/include/gtest/internal/gtest-death-test-internal.h
FN:82,_ZN7testing8internal9DeathTestD2Ev
FN:82,_ZN7testing8internal9DeathTestD0Ev
FN:142,_ZN7testing8internal16DeathTestFactoryD2Ev
FN:142,_ZN7testing8internal16DeathTestFactoryD0Ev
FNDA:0,_ZN7testing8internal9DeathTestD0Ev
FNDA:0,_ZN7testing8internal9DeathTestD2Ev
FNDA:0,_ZN7testing8internal16DeathTestFactoryD0Ev
FNDA:0,_ZN7testing8internal16DeathTestFactoryD2Ev
FNF:4
FNH:0
BRDA:82,2,2,-
BRDA:82,2,3,-
BRDA:142,2,2,-
BRDA:142,2,3,-
BRF:4
BRH:0
DA:82,0
DA:142,0
LF:2
LH:0
end_of_record
SF:/usr/include/gtest/internal/gtest-internal.h
FN:511,_ZN7testing8internal15TestFactoryBaseD0Ev
FN:511,_ZN7testing8internal15TestFactoryBaseD2Ev
FN:518,_ZN7testing8internal15TestFactoryBaseC2Ev
FN:527,_ZN7testing8internal15TestFactoryImplI22BoundaryTest_Year_TestED0Ev
FN:527,_ZN7testing8internal15TestFactoryImplI41EquivalentClassTest_BigMonthLeapYear_TestED2Ev
FN:527,_ZN7testing8internal15TestFactoryImplI45EquivalentClassTest_SmallMonthNormalYear_TestED0Ev
FN:527,_ZN7testing8internal15TestFactoryImplI30EdgeTest_BigMonthLeapYear_TestED0Ev
FN:527,_ZN7testing8internal15TestFactoryImplI20C0Coverage_C0_1_TestED0Ev
FN:527,_ZN7testing8internal15TestFactoryImplI34EdgeTest_SmallMonthNormalYear_TestED0Ev
FN:527,_ZN7testing8internal15TestFactoryImplI43EquivalentClassTest_SmallMonthLeapYear_TestEC2Ev
FN:527,_ZN7testing8internal15TestFactoryImplI30EdgeTest_BigMonthLeapYear_TestEC2Ev
FN:527,_ZN7testing8internal15TestFactoryImplI34EdgeTest_SmallMonthNormalYear_TestEC2Ev
FN:527,_ZN7testing8internal15TestFactoryImplI32EdgeTest_FebruaryNormalYear_TestED0Ev
FN:527,_ZN7testing8internal15TestFactoryImplI45EquivalentClassTest_SmallMonthNormalYear_TestEC2Ev
FN:527,_ZN7testing8internal15TestFactoryImplI32EdgeTest_SmallMonthLeapYear_TestED2Ev
FN:527,_ZN7testing8internal15TestFactoryImplI30EdgeTest_BigMonthLeapYear_TestED2Ev
FN:527,_ZN7testing8internal15TestFactoryImplI43EquivalentClassTest_SmallMonthLeapYear_TestED0Ev
FN:527,_ZN7testing8internal15TestFactoryImplI45EquivalentClassTest_SmallMonthNormalYear_TestED2Ev
FN:527,_ZN7testing8internal15TestFactoryImplI32EdgeTest_BigMonthNormalYear_TestED0Ev
FN:527,_ZN7testing8internal15TestFactoryImplI41EquivalentClassTest_BigMonthLeapYear_TestEC2Ev
FN:527,_ZN7testing8internal15TestFactoryImplI41EquivalentClassTest_FebruaryLeapYear_TestEC2Ev
FN:527,_ZN7testing8internal15TestFactoryImplI22BoundaryTest_Year_TestEC2Ev
FN:527,_ZN7testing8internal15TestFactoryImplI30EdgeTest_FebruaryLeapYear_TestED2Ev
FN:527,_ZN7testing8internal15TestFactoryImplI32EdgeTest_SmallMonthLeapYear_TestED0Ev
FN:527,_ZN7testing8internal15TestFactoryImplI34EdgeTest_SmallMonthNormalYear_TestED2Ev
FN:527,_ZN7testing8internal15TestFactoryImplI32EdgeTest_SmallMonthLeapYear_TestEC2Ev
FN:527,_ZN7testing8internal15TestFactoryImplI43EquivalentClassTest_FebruaryNormalYear_TestEC2Ev
FN:527,_ZN7testing8internal15TestFactoryImplI41EquivalentClassTest_BigMonthLeapYear_TestED0Ev
FN:527,_ZN7testing8internal15TestFactoryImplI43EquivalentClassTest_FebruaryNormalYear_TestED0Ev
FN:527,_ZN7testing8internal15TestFactoryImplI20C0Coverage_C0_1_TestEC2Ev
FN:527,_ZN7testing8internal15TestFactoryImplI43EquivalentClassTest_BigMonthNormalYear_TestED0Ev
FN:527,_ZN7testing8internal15TestFactoryImplI32EdgeTest_BigMonthNormalYear_TestED2Ev
FN:527,_ZN7testing8internal15TestFactoryImplI43EquivalentClassTest_BigMonthNormalYear_TestED2Ev
FN:527,_ZN7testing8internal15TestFactoryImplI21BoundaryTest_Day_TestEC2Ev
FN:527,_ZN7testing8internal15TestFactoryImplI41EquivalentClassTest_FebruaryLeapYear_TestED2Ev
FN:527,_ZN7testing8internal15TestFactoryImplI23BoundaryTest_Month_TestED0Ev
FN:527,_ZN7testing8internal15TestFactoryImplI23BoundaryTest_Month_TestED2Ev
FN:527,_ZN7testing8internal15TestFactoryImplI30EdgeTest_FebruaryLeapYear_TestED0Ev
FN:527,_ZN7testing8internal15TestFactoryImplI43EquivalentClassTest_BigMonthNormalYear_TestEC2Ev
FN:527,_ZN7testing8internal15TestFactoryImplI32EdgeTest_FebruaryNormalYear_TestEC2Ev
FN:527,_ZN7testing8internal15TestFactoryImplI32EdgeTest_BigMonthNormalYear_TestEC2Ev
FN:527,_ZN7testing8internal15TestFactoryImplI43EquivalentClassTest_FebruaryNormalYear_TestED2Ev
FN:527,_ZN7testing8internal15TestFactoryImplI32EdgeTest_FebruaryNormalYear_TestED2Ev
FN:527,_ZN7testing8internal15TestFactoryImplI41EquivalentClassTest_FebruaryLeapYear_TestED0Ev
FN:527,_ZN7testing8internal15TestFactoryImplI21BoundaryTest_Day_TestED0Ev
FN:527,_ZN7testing8internal15TestFactoryImplI30EdgeTest_FebruaryLeapYear_TestEC2Ev
FN:527,_ZN7testing8internal15TestFactoryImplI23BoundaryTest_Month_TestEC2Ev
FN:527,_ZN7testing8internal15TestFactoryImplI21BoundaryTest_Day_TestED2Ev
FN:527,_ZN7testing8internal15TestFactoryImplI20C0Coverage_C0_1_TestED2Ev
FN:527,_ZN7testing8internal15TestFactoryImplI43EquivalentClassTest_SmallMonthLeapYear_TestED2Ev
FN:527,_ZN7testing8internal15TestFactoryImplI22BoundaryTest_Year_TestED2Ev
FN:529,_ZN7testing8internal15TestFactoryImplI21BoundaryTest_Day_TestE10CreateTestEv
FN:529,_ZN7testing8internal15TestFactoryImplI34EdgeTest_SmallMonthNormalYear_TestE10CreateTestEv
FN:529,_ZN7testing8internal15TestFactoryImplI43EquivalentClassTest_FebruaryNormalYear_TestE10CreateTestEv
FN:529,_ZN7testing8internal15TestFactoryImplI41EquivalentClassTest_FebruaryLeapYear_TestE10CreateTestEv
FN:529,_ZN7testing8internal15TestFactoryImplI22BoundaryTest_Year_TestE10CreateTestEv
FN:529,_ZN7testing8internal15TestFactoryImplI43EquivalentClassTest_BigMonthNormalYear_TestE10CreateTestEv
FN:529,_ZN7testing8internal15TestFactoryImplI20C0Coverage_C0_1_TestE10CreateTestEv
FN:529,_ZN7testing8internal15TestFactoryImplI45EquivalentClassTest_SmallMonthNormalYear_TestE10CreateTestEv
FN:529,_ZN7testing8internal15TestFactoryImplI23BoundaryTest_Month_TestE10CreateTestEv
FN:529,_ZN7testing8internal15TestFactoryImplI32EdgeTest_FebruaryNormalYear_TestE10CreateTestEv
FN:529,_ZN7testing8internal15TestFactoryImplI30EdgeTest_FebruaryLeapYear_TestE10CreateTestEv
FN:529,_ZN7testing8internal15TestFactoryImplI32EdgeTest_SmallMonthLeapYear_TestE10CreateTestEv
FN:529,_ZN7testing8internal15TestFactoryImplI41EquivalentClassTest_BigMonthLeapYear_TestE10CreateTestEv
FN:529,_ZN7testing8internal15TestFactoryImplI43EquivalentClassTest_SmallMonthLeapYear_TestE10CreateTestEv
FN:529,_ZN7testing8internal15TestFactoryImplI30EdgeTest_BigMonthLeapYear_TestE10CreateTestEv
FN:529,_ZN7testing8internal15TestFactoryImplI32EdgeTest_BigMonthNormalYear_TestE10CreateTestEv
FN:937,_ZN7testing8internal15IsContainerTestIiEEcl
FNDA:0,_ZN7testing8internal15TestFactoryBaseD0Ev
FNDA:16,_ZN7testing8internal15TestFactoryBaseD2Ev
FNDA:16,_ZN7testing8internal15TestFactoryBaseC2Ev
FNDA:1,_ZN7testing8internal15TestFactoryImplI22BoundaryTest_Year_TestED0Ev
FNDA:1,_ZN7testing8internal15TestFactoryImplI22BoundaryTest_Year_TestED2Ev
FNDA:1,_ZN7testing8internal15TestFactoryImplI23BoundaryTest_Month_TestED0Ev
FNDA:1,_ZN7testing8internal15TestFactoryImplI23BoundaryTest_Month_TestED2Ev
FNDA:1,_ZN7testing8internal15TestFactoryImplI21BoundaryTest_Day_TestED0Ev
FNDA:1,_ZN7testing8internal15TestFactoryImplI21BoundaryTest_Day_TestED2Ev
FNDA:1,_ZN7testing8internal15TestFactoryImplI45EquivalentClassTest_SmallMonthNormalYear_TestED0Ev
FNDA:1,_ZN7testing8internal15TestFactoryImplI45EquivalentClassTest_SmallMonthNormalYear_TestED2Ev
FNDA:1,_ZN7testing8internal15TestFactoryImplI34EdgeTest_SmallMonthNormalYear_TestED0Ev
FNDA:1,_ZN7testing8internal15TestFactoryImplI34EdgeTest_SmallMonthNormalYear_TestED2Ev
FNDA:1,_ZN7testing8internal15TestFactoryImplI43EquivalentClassTest_BigMonthNormalYear_TestED0Ev
FNDA:1,_ZN7testing8internal15TestFactoryImplI43EquivalentClassTest_BigMonthNormalYear_TestED2Ev
FNDA:1,_ZN7testing8internal15TestFactoryImplI32EdgeTest_BigMonthNormalYear_TestED0Ev
FNDA:1,_ZN7testing8internal15TestFactoryImplI32EdgeTest_BigMonthNormalYear_TestED2Ev
FNDA:1,_ZN7testing8internal15TestFactoryImplI43EquivalentClassTest_FebruaryNormalYear_TestED0Ev
FNDA:1,_ZN7testing8internal15TestFactoryImplI43EquivalentClassTest_FebruaryNormalYear_TestED2Ev
FNDA:1,_ZN7testing8internal15TestFactoryImplI32EdgeTest_FebruaryNormalYear_TestED0Ev
FNDA:1,_ZN7testing8internal15TestFactoryImplI32EdgeTest_FebruaryNormalYear_TestED2Ev
FNDA:1,_ZN7testing8internal15TestFactoryImplI43EquivalentClassTest_SmallMonthLeapYear_TestED0Ev
FNDA:1,_ZN7testing8internal15TestFactoryImplI43EquivalentClassTest_SmallMonthLeapYear_TestED2Ev
FNDA:1,_ZN7testing8internal15TestFactoryImplI32EdgeTest_SmallMonthLeapYear_TestED0Ev
FNDA:1,_ZN7testing8internal15TestFactoryImplI32EdgeTest_SmallMonthLeapYear_TestED2Ev
FNDA:1,_ZN7testing8internal15TestFactoryImplI41EquivalentClassTest_BigMonthLeapYear_TestED0Ev
FNDA:1,_ZN7testing8internal15TestFactoryImplI41EquivalentClassTest_BigMonthLeapYear_TestED2Ev
FNDA:1,_ZN7testing8internal15TestFactoryImplI30EdgeTest_BigMonthLeapYear_TestED0Ev
FNDA:1,_ZN7testing8internal15TestFactoryImplI30EdgeTest_BigMonthLeapYear_TestED2Ev
FNDA:1,_ZN7testing8internal15TestFactoryImplI41EquivalentClassTest_FebruaryLeapYear_TestED0Ev
FNDA:1,_ZN7testing8internal15TestFactoryImplI41EquivalentClassTest_FebruaryLeapYear_TestED2Ev
FNDA:1,_ZN7testing8internal15TestFactoryImplI30EdgeTest_FebruaryLeapYear_TestED0Ev
FNDA:1,_ZN7testing8internal15TestFactoryImplI30EdgeTest_FebruaryLeapYear_TestED2Ev
FNDA:1,_ZN7testing8internal15TestFactoryImplI20C0Coverage_C0_1_TestED0Ev
FNDA:1,_ZN7testing8internal15TestFactoryImplI20C0Coverage_C0_1_TestED2Ev
FNDA:1,_ZN7testing8internal15TestFactoryImplI20C0Coverage_C0_1_TestEC2Ev
FNDA:1,_ZN7testing8internal15TestFactoryImplI30EdgeTest_FebruaryLeapYear_TestEC2Ev
FNDA:1,_ZN7testing8internal15TestFactoryImplI41EquivalentClassTest_FebruaryLeapYear_TestEC2Ev
FNDA:1,_ZN7testing8internal15TestFactoryImplI30EdgeTest_BigMonthLeapYear_TestEC2Ev
FNDA:1,_ZN7testing8internal15TestFactoryImplI41EquivalentClassTest_BigMonthLeapYear_TestEC2Ev
FNDA:1,_ZN7testing8internal15TestFactoryImplI32EdgeTest_SmallMonthLeapYear_TestEC2Ev
FNDA:1,_ZN7testing8internal15TestFactoryImplI43EquivalentClassTest_SmallMonthLeapYear_TestEC2Ev
FNDA:1,_ZN7testing8internal15TestFactoryImplI32EdgeTest_FebruaryNormalYear_TestEC2Ev
FNDA:1,_ZN7testing8internal15TestFactoryImplI43EquivalentClassTest_FebruaryNormalYear_TestEC2Ev
FNDA:1,_ZN7testing8internal15TestFactoryImplI32EdgeTest_BigMonthNormalYear_TestEC2Ev
FNDA:1,_ZN7testing8internal15TestFactoryImplI43EquivalentClassTest_BigMonthNormalYear_TestEC2Ev
FNDA:1,_ZN7testing8internal15TestFactoryImplI34EdgeTest_SmallMonthNormalYear_TestEC2Ev
FNDA:1,_ZN7testing8internal15TestFactoryImplI45EquivalentClassTest_SmallMonthNormalYear_TestEC2Ev
FNDA:1,_ZN7testing8internal15TestFactoryImplI21BoundaryTest_Day_TestEC2Ev
FNDA:1,_ZN7testing8internal15TestFactoryImplI23BoundaryTest_Month_TestEC2Ev
FNDA:1,_ZN7testing8internal15TestFactoryImplI22BoundaryTest_Year_TestEC2Ev
FNDA:0,_ZN7testing8internal15TestFactoryImplI22BoundaryTest_Year_TestE10CreateTestEv
FNDA:0,_ZN7testing8internal15TestFactoryImplI23BoundaryTest_Month_TestE10CreateTestEv
FNDA:0,_ZN7testing8internal15TestFactoryImplI21BoundaryTest_Day_TestE10CreateTestEv
FNDA:0,_ZN7testing8internal15TestFactoryImplI45EquivalentClassTest_SmallMonthNormalYear_TestE10CreateTestEv
FNDA:0,_ZN7testing8internal15TestFactoryImplI34EdgeTest_SmallMonthNormalYear_TestE10CreateTestEv
FNDA:0,_ZN7testing8internal15TestFactoryImplI43EquivalentClassTest_BigMonthNormalYear_TestE10CreateTestEv
FNDA:0,_ZN7testing8internal15TestFactoryImplI32EdgeTest_BigMonthNormalYear_TestE10CreateTestEv
FNDA:0,_ZN7testing8internal15TestFactoryImplI43EquivalentClassTest_FebruaryNormalYear_TestE10CreateTestEv
FNDA:0,_ZN7testing8internal15TestFactoryImplI32EdgeTest_FebruaryNormalYear_TestE10CreateTestEv
FNDA:0,_ZN7testing8internal15TestFactoryImplI43EquivalentClassTest_SmallMonthLeapYear_TestE10CreateTestEv
FNDA:0,_ZN7testing8internal15TestFactoryImplI32EdgeTest_SmallMonthLeapYear_TestE10CreateTestEv
FNDA:0,_ZN7testing8internal15TestFactoryImplI41EquivalentClassTest_BigMonthLeapYear_TestE10CreateTestEv
FNDA:0,_ZN7testing8internal15TestFactoryImplI30EdgeTest_BigMonthLeapYear_TestE10CreateTestEv
FNDA:0,_ZN7testing8internal15TestFactoryImplI41EquivalentClassTest_FebruaryLeapYear_TestE10CreateTestEv
FNDA:0,_ZN7testing8internal15TestFactoryImplI30EdgeTest_FebruaryLeapYear_TestE10CreateTestEv
FNDA:1,_ZN7testing8internal15TestFactoryImplI20C0Coverage_C0_1_TestE10CreateTestEv
FNDA:0,_ZN7testing8internal15IsContainerTestIiEEcl
FNF:68
FNH:51
BRDA:511,2,2,0
BRDA:511,2,3,16
BRDA:527,1,3,0
BRDA:527,1,4,1
BRDA:527,5,9,0
BRDA:527,5,10,1
BRDA:527,9,15,0
BRDA:527,9,16,1
BRDA:527,13,21,0
BRDA:527,13,22,1
BRDA:527,17,27,0
BRDA:527,17,28,1
BRDA:527,21,33,0
BRDA:527,21,34,1
BRDA:527,25,39,0
BRDA:527,25,40,1
BRDA:527,29,45,0
BRDA:527,29,46,1
BRDA:527,33,51,0
BRDA:527,33,52,1
BRDA:527,37,57,0
BRDA:527,37,58,1
BRDA:527,41,63,0
BRDA:527,41,64,1
BRDA:527,45,69,0
BRDA:527,45,70,1
BRDA:527,49,75,0
BRDA:527,49,76,1
BRDA:527,53,81,0
BRDA:527,53,82,1
BRDA:527,57,87,0
BRDA:527,57,88,1
BRDA:527,61,93,0
BRDA:527,61,94,1
BRDA:529,0,1,-
BRDA:529,0,2,-
BRDA:529,3,7,-
BRDA:529,3,8,-
BRDA:529,6,13,-
BRDA:529,6,14,-
BRDA:529,9,19,-
BRDA:529,9,20,-
BRDA:529,12,25,-
BRDA:529,12,26,-
BRDA:529,15,31,-
BRDA:529,15,32,-
BRDA:529,18,37,-
BRDA:529,18,38,-
BRDA:529,21,43,-
BRDA:529,21,44,-
BRDA:529,24,49,-
BRDA:529,24,50,-
BRDA:529,27,55,-
BRDA:529,27,56,-
BRDA:529,30,61,-
BRDA:529,30,62,-
BRDA:529,33,67,-
BRDA:529,33,68,-
BRDA:529,36,73,-
BRDA:529,36,74,-
BRDA:529,39,79,-
BRDA:529,39,80,-
BRDA:529,42,85,-
BRDA:529,42,86,-
BRDA:529,45,91,1
BRDA:529,45,92,0
BRF:66
BRH:18
DA:511,16
DA:518,16
DA:527,48
DA:529,1
DA:937,0
LF:5
LH:4
end_of_record
SF:/usr/include/gtest/internal/gtest-param-util.h
FN:69,_ZN7testing8internal22ParamIteratorInterfaceIbEC2Ev
FN:71,_ZN7testing8internal22ParamIteratorInterfaceIbED2Ev
FN:71,_ZN7testing8internal22ParamIteratorInterfaceIbED0Ev
FN:146,_ZN7testing8internal23ParamGeneratorInterfaceIbED0Ev
FN:146,_ZN7testing8internal23ParamGeneratorInterfaceIbED2Ev
FN:273,_ZN7testing8internal30ValuesInIteratorRangeGeneratorIbED0Ev
FN:273,_ZN7testing8internal30ValuesInIteratorRangeGeneratorIbED2Ev
FN:275,_ZNK7testing8internal30ValuesInIteratorRangeGeneratorIbE5BeginEv
FN:278,_ZNK7testing8internal30ValuesInIteratorRangeGeneratorIbE3EndEv
FN:287,_ZN7testing8internal30ValuesInIteratorRangeGeneratorIbE8IteratorC2EPKNS0_23ParamGeneratorInterfaceIbEESt19_Bit_const_iterator
FN:290,_ZN7testing8internal30ValuesInIteratorRangeGeneratorIbE8IteratorD0Ev
FN:290,_ZN7testing8internal30ValuesInIteratorRangeGeneratorIbE8IteratorD2Ev
FN:292,_ZNK7testing8internal30ValuesInIteratorRangeGeneratorIbE8Iterator13BaseGeneratorEv
FN:295,_ZN7testing8internal30ValuesInIteratorRangeGeneratorIbE8Iterator7AdvanceEv
FN:299,_ZNK7testing8internal30ValuesInIteratorRangeGeneratorIbE8Iterator5CloneEv
FN:309,_ZNK7testing8internal30ValuesInIteratorRangeGeneratorIbE8Iterator7CurrentEv
FN:314,_ZNK7testing8internal30ValuesInIteratorRangeGeneratorIbE8Iterator6EqualsERKNS0_22ParamIteratorInterfaceIbEE
FN:325,_ZN7testing8internal30ValuesInIteratorRangeGeneratorIbE8IteratorC2ERKS3_
FN:417,_ZN7testing8internal29ParameterizedTestCaseInfoBaseD0Ev
FN:417,_ZN7testing8internal29ParameterizedTestCaseInfoBaseD2Ev
FNDA:0,_ZN7testing8internal22ParamIteratorInterfaceIbEC2Ev
FNDA:0,_ZN7testing8internal22ParamIteratorInterfaceIbED0Ev
FNDA:0,_ZN7testing8internal22ParamIteratorInterfaceIbED2Ev
FNDA:0,_ZN7testing8internal23ParamGeneratorInterfaceIbED0Ev
FNDA:0,_ZN7testing8internal23ParamGeneratorInterfaceIbED2Ev
FNDA:0,_ZN7testing8internal30ValuesInIteratorRangeGeneratorIbED0Ev
FNDA:0,_ZN7testing8internal30ValuesInIteratorRangeGeneratorIbED2Ev
FNDA:0,_ZNK7testing8internal30ValuesInIteratorRangeGeneratorIbE5BeginEv
FNDA:0,_ZNK7testing8internal30ValuesInIteratorRangeGeneratorIbE3EndEv
FNDA:0,_ZN7testing8internal30ValuesInIteratorRangeGeneratorIbE8IteratorC2EPKNS0_23ParamGeneratorInterfaceIbEESt19_Bit_const_iterator
FNDA:0,_ZN7testing8internal30ValuesInIteratorRangeGeneratorIbE8IteratorD0Ev
FNDA:0,_ZN7testing8internal30ValuesInIteratorRangeGeneratorIbE8IteratorD2Ev
FNDA:0,_ZNK7testing8internal30ValuesInIteratorRangeGeneratorIbE8Iterator13BaseGeneratorEv
FNDA:0,_ZN7testing8internal30ValuesInIteratorRangeGeneratorIbE8Iterator7AdvanceEv
FNDA:0,_ZNK7testing8internal30ValuesInIteratorRangeGeneratorIbE8Iterator5CloneEv
FNDA:0,_ZNK7testing8internal30ValuesInIteratorRangeGeneratorIbE8Iterator7CurrentEv
FNDA:0,_ZNK7testing8internal30ValuesInIteratorRangeGeneratorIbE8Iterator6EqualsERKNS0_22ParamIteratorInterfaceIbEE
FNDA:0,_ZN7testing8internal30ValuesInIteratorRangeGeneratorIbE8IteratorC2ERKS3_
FNDA:0,_ZN7testing8internal29ParameterizedTestCaseInfoBaseD0Ev
FNDA:0,_ZN7testing8internal29ParameterizedTestCaseInfoBaseD2Ev
FNF:20
FNH:0
BRDA:71,2,2,-
BRDA:71,2,3,-
BRDA:146,2,2,-
BRDA:146,2,3,-
BRDA:273,1,2,-
BRDA:273,1,3,-
BRDA:273,2,6,-
BRDA:273,2,7,-
BRDA:276,0,2,-
BRDA:276,0,3,-
BRDA:279,0,2,-
BRDA:279,0,3,-
BRDA:290,1,2,-
BRDA:290,1,3,-
BRDA:290,2,6,-
BRDA:290,2,7,-
BRDA:300,0,1,-
BRDA:300,0,2,-
BRDA:310,0,1,-
BRDA:310,0,2,-
BRDA:317,0,3,-
BRDA:317,0,4,-
BRDA:317,1,7,-
BRDA:317,1,8,-
BRDA:317,2,10,-
BRDA:317,2,11,-
BRDA:317,3,13,-
BRDA:317,3,14,-
BRDA:317,4,16,-
BRDA:317,4,17,-
BRDA:417,2,2,-
BRDA:417,2,3,-
BRF:32
BRH:0
DA:69,0
DA:71,0
DA:146,0
DA:273,0
DA:275,0
DA:276,0
DA:278,0
DA:279,0
DA:287,0
DA:289,0
DA:290,0
DA:292,0
DA:293,0
DA:295,0
DA:296,0
DA:297,0
DA:298,0
DA:299,0
DA:300,0
DA:309,0
DA:310,0
DA:311,0
DA:312,0
DA:314,0
DA:317,0
DA:321,0
DA:325,0
DA:330,0
DA:417,0
LF:29
LH:0
end_of_record
SF:/usr/include/gtest/internal/gtest-port.h
FN:778,_ZN7testing8internal10scoped_ptrIKbEC2EPS2_
FN:778,_ZN7testing8internal10scoped_ptrISt18basic_stringstreamIcSt11char_traitsIcESaIcEEEC2EPS6_
FN:778,_ZN7testing8internal10scoped_ptrISsEC2EPSs
FN:779,_ZN7testing8internal10scoped_ptrIKbED2Ev
FN:779,_ZN7testing8internal10scoped_ptrISt18basic_stringstreamIcSt11char_traitsIcESaIcEEED2Ev
FN:779,_ZN7testing8internal10scoped_ptrISsED2Ev
FN:781,_ZNK7testing8internal10scoped_ptrISt18basic_stringstreamIcSt11char_traitsIcESaIcEEEdeEv
FN:782,_ZNK7testing8internal10scoped_ptrISsEptEv
FN:783,_ZNK7testing8internal10scoped_ptrISsE3getEv
FN:783,_ZNK7testing8internal10scoped_ptrIKbE3getEv
FN:791,_ZN7testing8internal10scoped_ptrISsE5resetEPSs
FN:791,_ZN7testing8internal10scoped_ptrIKbE5resetEPS2_
FN:791,_ZN7testing8internal10scoped_ptrISt18basic_stringstreamIcSt11char_traitsIcESaIcEEE5resetEPS6_
FN:915,_ZN7testing8internal8GTestLog9GetStreamEv
FN:1029,_ZN7testing8internal27CheckedDowncastToActualTypeIKNS0_30ValuesInIteratorRangeGeneratorIbE8IteratorEKNS0_22ParamIteratorInterfaceIbEEEEPT_PT0_
FN:1114,_ZN7testing8internal19ThreadWithParamBaseD0Ev
FN:1114,_ZN7testing8internal19ThreadWithParamBaseD2Ev
FN:1288,_ZN7testing8internal26ThreadLocalValueHolderBaseD2Ev
FN:1288,_ZN7testing8internal26ThreadLocalValueHolderBaseD0Ev
FNDA:0,_ZN7testing8internal10scoped_ptrIKbEC2EPS2_
FNDA:13,_ZN7testing8internal10scoped_ptrISsEC2EPSs
FNDA:37,_ZN7testing8internal10scoped_ptrISt18basic_stringstreamIcSt11char_traitsIcESaIcEEEC2EPS6_
FNDA:0,_ZN7testing8internal10scoped_ptrIKbED2Ev
FNDA:13,_ZN7testing8internal10scoped_ptrISsED2Ev
FNDA:37,_ZN7testing8internal10scoped_ptrISt18basic_stringstreamIcSt11char_traitsIcESaIcEEED2Ev
FNDA:37,_ZNK7testing8internal10scoped_ptrISt18basic_stringstreamIcSt11char_traitsIcESaIcEEEdeEv
FNDA:0,_ZNK7testing8internal10scoped_ptrISsEptEv
FNDA:0,_ZNK7testing8internal10scoped_ptrIKbE3getEv
FNDA:0,_ZNK7testing8internal10scoped_ptrISsE3getEv
FNDA:0,_ZN7testing8internal10scoped_ptrIKbE5resetEPS2_
FNDA:37,_ZN7testing8internal10scoped_ptrISt18basic_stringstreamIcSt11char_traitsIcESaIcEEE5resetEPS6_
FNDA:13,_ZN7testing8internal10scoped_ptrISsE5resetEPSs
FNDA:0,_ZN7testing8internal8GTestLog9GetStreamEv
FNDA:0,_ZN7testing8internal27CheckedDowncastToActualTypeIKNS0_30ValuesInIteratorRangeGeneratorIbE8IteratorEKNS0_22ParamIteratorInterfaceIbEEEEPT_PT0_
FNDA:0,_ZN7testing8internal19ThreadWithParamBaseD0Ev
FNDA:0,_ZN7testing8internal19ThreadWithParamBaseD2Ev
FNDA:0,_ZN7testing8internal26ThreadLocalValueHolderBaseD0Ev
FNDA:0,_ZN7testing8internal26ThreadLocalValueHolderBaseD2Ev
FNF:19
FNH:7
BRDA:792,0,0,-
BRDA:792,0,1,-
BRDA:792,1,2,37
BRDA:792,1,3,0
BRDA:792,2,4,0
BRDA:792,2,5,13
BRDA:793,0,1,-
BRDA:793,0,2,-
BRDA:793,1,4,37
BRDA:793,1,5,0
BRDA:793,2,7,-
BRDA:793,2,8,-
BRDA:794,1,1,37
BRDA:794,1,2,0
BRDA:794,3,4,-
BRDA:794,3,5,-
BRDA:1031,0,0,-
BRDA:1031,0,1,-
BRDA:1031,1,4,-
BRDA:1031,1,5,-
BRDA:1031,3,9,-
BRDA:1031,3,10,-
BRDA:1032,0,0,-
BRDA:1032,0,1,-
BRDA:1114,2,2,-
BRDA:1114,2,3,-
BRDA:1288,2,2,-
BRDA:1288,2,3,-
BRF:28
BRH:4
DA:778,50
DA:779,50
DA:781,37
DA:782,0
DA:783,0
DA:791,50
DA:792,50
DA:793,37
DA:794,37
DA:796,37
DA:798,50
DA:915,0
DA:1029,0
DA:1031,0
DA:1032,0
DA:1114,0
DA:1288,0
LF:17
LH:9
end_of_record
SF:/usr/include/gtest/internal/gtest-string.h
FN:218,_ZN7testing8internal6StringD2Ev
FN:226,_ZN7testing8internal6StringC2ERKSs
FN:275,_ZNK7testing8internal6String5c_strEv
FN:302,_ZN7testing8internal6String16ConstructNonNullEPKcj
FNDA:235,_ZN7testing8internal6StringD2Ev
FNDA:0,_ZN7testing8internal6StringC2ERKSs
FNDA:775,_ZNK7testing8internal6String5c_strEv
FNDA:244,_ZN7testing8internal6String16ConstructNonNullEPKcj
FNF:4
FNH:3
BRDA:218,0,0,234
BRDA:218,0,1,1
BRF:2
BRH:2
DA:218,235
DA:226,0
DA:227,0
DA:228,0
DA:275,775
DA:302,244
DA:303,244
DA:304,244
DA:305,244
DA:306,244
DA:307,244
DA:308,244
LF:12
LH:9
end_of_record
TN:
SF:/home/bletchley/WorkSpace/2014_SoftwareTesting/NextDate/NextDate.cpp
FN:4,_Z11getYearTypeP5_Date
FN:15,_Z12getMonthTypeP5_Date
FN:25,_Z8NextDateP5_Date
FN:68,_Z15NewDateInstanceiii
FN:77,_Z8ShowDateP5_Date
FN:82,_Z9checkDateP5_Dateiii
FNDA:5,_Z11getYearTypeP5_Date
FNDA:5,_Z12getMonthTypeP5_Date
FNDA:5,_Z8NextDateP5_Date
FNDA:5,_Z15NewDateInstanceiii
FNDA:0,_Z8ShowDateP5_Date
FNDA:0,_Z9checkDateP5_Dateiii
FNF:6
FNH:4
BRDA:7,0,0,5
BRDA:7,0,1,0
BRDA:7,1,2,0
BRDA:7,1,3,5
BRDA:8,0,0,0
BRDA:8,0,1,5
BRDA:9,0,0,0
BRDA:9,0,1,5
BRDA:10,0,0,4
BRDA:10,0,1,1
BRDA:18,0,0,5
BRDA:18,0,1,0
BRDA:18,1,2,0
BRDA:18,1,3,5
BRDA:19,0,0,3
BRDA:19,0,1,2
BRDA:19,1,2,2
BRDA:19,1,3,1
BRDA:20,0,0,1
BRDA:20,0,1,2
BRDA:20,1,2,1
BRDA:20,1,3,0
BRDA:20,2,4,2
BRDA:20,2,5,1
BRDA:20,3,6,1
BRDA:20,3,7,1
BRDA:33,9999,0,2
BRDA:33,9999,1,3
BRDA:34,0,0,1
BRDA:34,0,1,2
BRDA:35,0,0,1
BRDA:35,0,1,1
BRDA:43,0,0,4
BRDA:43,0,1,1
BRDA:43,1,2,4
BRDA:43,1,3,0
BRDA:43,2,4,4
BRDA:43,2,5,0
BRDA:43,3,6,0
BRDA:43,3,7,4
BRDA:52,0,0,2
BRDA:52,0,1,2
BRDA:59,0,0,1
BRDA:59,0,1,3
BRDA:84,0,0,-
BRDA:84,0,1,-
BRDA:84,1,2,-
BRDA:84,1,3,-
BRDA:84,2,4,-
BRDA:84,2,5,-
BRF:50
BRH:34
DA:4,5
DA:6,5
DA:7,5
DA:8,5
DA:9,5
DA:10,5
DA:11,5
DA:15,5
DA:17,5
DA:18,5
DA:19,5
DA:20,3
DA:21,1
DA:22,5
DA:25,5
DA:27,5
DA:28,5
DA:29,5
DA:31,5
DA:33,5
DA:34,3
DA:35,2
DA:36,1
DA:38,5
DA:39,5
DA:40,5
DA:43,5
DA:45,1
DA:46,1
DA:50,4
DA:51,4
DA:52,4
DA:54,2
DA:55,2
DA:58,4
DA:59,4
DA:61,1
DA:62,1
DA:65,5
DA:68,5
DA:70,5
DA:71,5
DA:72,5
DA:73,5
DA:74,5
DA:77,0
DA:79,0
DA:80,0
DA:82,0
DA:84,0
DA:85,0
DA:87,0
LF:52
LH:45
end_of_record
